2026-04-17 10:30:18 [info]: GET / 404 - 11ms - IP: ::ffff:127.0.0.1
2026-04-17 10:30:42 [info]: GET /api/health 200 - 5ms - IP: ::ffff:127.0.0.1
2026-04-17 10:30:42 [info]: GET /favicon.ico 404 - 2ms - IP: ::ffff:127.0.0.1
2026-04-17 11:31:47 [info]: GET /favicon.ico 404 - 5ms - IP: ::ffff:127.0.0.1
2026-04-17 11:31:49 [info]: GET /api/health 304 - 1ms - IP: ::ffff:127.0.0.1
2026-04-17 11:31:49 [info]: GET /favicon.ico 404 - 1ms - IP: ::ffff:127.0.0.1
2026-04-17 11:31:52 [info]: GET /api/health 304 - 1ms - IP: ::ffff:127.0.0.1
2026-04-17 11:31:52 [info]: GET /favicon.ico 404 - 1ms - IP: ::ffff:127.0.0.1
2026-04-17 11:39:18 [info]: GET /api/health 304 - 0ms - IP: ::ffff:127.0.0.1
2026-04-17 11:39:18 [info]: GET /api/health 200 - 0ms - IP: ::ffff:127.0.0.1
2026-04-17 11:39:48 [info]: GET /api/health 304 - 0ms - IP: ::ffff:127.0.0.1
2026-04-17 11:40:27 [info]: GET /api/health 304 - 1ms - IP: ::ffff:127.0.0.1
2026-04-17 11:40:47 [info]: GET /api/health 304 - 1ms - IP: ::ffff:127.0.0.1
2026-04-17 11:46:22 [info]: GET /api/health 304 - 11ms - IP: ::ffff:127.0.0.1
2026-04-17 11:46:22 [info]: GET /favicon.ico 200 - 8ms - IP: ::ffff:127.0.0.1
2026-04-17 11:46:25 [info]: GET /api/health 304 - 1ms - IP: ::ffff:127.0.0.1
2026-04-17 11:46:36 [info]: GET / 200 - 3ms - IP: ::ffff:127.0.0.1
2026-04-17 11:46:36 [info]: GET /assets/index-CWfYbmVg.css 200 - 3ms - IP: ::ffff:127.0.0.1
2026-04-17 11:46:36 [info]: GET /assets/index-Cswi05Ww.js 200 - 6ms - IP: ::ffff:127.0.0.1
2026-04-17 11:46:36 [info]: GET /favicon.svg 200 - 2ms - IP: ::ffff:127.0.0.1
2026-04-17 11:46:36 [info]: GET /api/health 304 - 1ms - IP: ::ffff:127.0.0.1
2026-04-17 11:46:36 [info]: GET /api/health 200 - 0ms - IP: ::ffff:127.0.0.1
2026-04-17 11:46:41 [info]: GET / 304 - 2ms - IP: ::ffff:127.0.0.1
2026-04-17 11:46:41 [info]: GET /assets/index-Cswi05Ww.js 304 - 2ms - IP: ::ffff:127.0.0.1
2026-04-17 11:46:41 [info]: GET /assets/index-CWfYbmVg.css 304 - 2ms - IP: ::ffff:127.0.0.1
2026-04-17 11:46:41 [info]: GET /api/health 304 - 1ms - IP: ::ffff:127.0.0.1
2026-04-17 11:46:41 [info]: GET /api/health 200 - 0ms - IP: ::ffff:127.0.0.1
2026-04-17 11:46:45 [info]: GET /api/health 304 - 1ms - IP: ::ffff:127.0.0.1
2026-04-17 15:57:39 [info]: GET /api/health 200 - 8ms - IP: ::1
2026-04-17 15:57:39 [info]: GET /api/health 304 - 0ms - IP: ::1
2026-04-17 15:59:25 [info]: GET /api/health 304 - 1ms - IP: ::1
2026-04-17 15:59:25 [info]: GET /api/health 304 - 1ms - IP: ::1
2026-04-17 16:08:13 [info]: GET /api/health 304 - 5ms - IP: ::1
2026-04-17 16:08:13 [info]: GET /api/health 304 - 1ms - IP: ::1
2026-04-17 16:08:59 [info]: GET /api/health 304 - 1ms - IP: ::1
2026-04-17 16:08:59 [info]: GET /api/health 304 - 0ms - IP: ::1
2026-04-17 16:09:15 [info]: GET /api/health 304 - 0ms - IP: ::1
2026-04-17 16:09:15 [info]: GET /api/health 304 - 0ms - IP: ::1
2026-04-17 16:12:53 [info]: GET /api/health 304 - 1ms - IP: ::1
2026-04-17 16:12:53 [info]: GET /api/health 304 - 1ms - IP: ::1
2026-04-17 16:14:13 [info]: GET /api/health 304 - 1ms - IP: ::1
2026-04-17 16:14:13 [info]: GET /api/health 304 - 1ms - IP: ::1
2026-04-17 16:30:53 [info]: GET /api/health 304 - 1ms - IP: ::1
2026-04-17 16:30:53 [info]: GET /api/health 304 - 0ms - IP: ::1
2026-04-17 16:45:16 [info]: GET /api/health 304 - 32ms - IP: ::1
2026-04-17 16:45:16 [info]: GET /api/health 304 - 4ms - IP: ::1
2026-04-17 16:45:51 [info]: GET /api/health 304 - 3ms - IP: ::1
2026-04-17 16:45:51 [info]: GET /api/health 304 - 3ms - IP: ::1
2026-04-17 16:51:45 [info]: GET / 307 - 21ms - IP: ::1
2026-04-17 16:51:48 [info]: GET /?__clerk_handshake=eyJhbGciOiJSUzI1NiIsImNhdCI6ImNsX0I3ZDRQRDExMUFBQSIsImtpZCI6Imluc18zQ1R4TlAxVmlZNTRhZkVJYUdkY1F5Y3djTEMiLCJ0eXAiOiJKV1QifQ.eyJoYW5kc2hha2UiOlsiX19jbGllbnRfdWF0PTsgUGF0aD0vOyBFeHBpcmVzPVRodSwgMDEgSmFuIDE5NzAgMDA6MDA6MDAgR01UOyBTZWN1cmU7IFNhbWVTaXRlPU5vbmUiLCJfX2NsaWVudF91YXQ9MDsgUGF0aD0vOyBEb21haW49NDFkNC0xODItMTgwLTExNS0zMC5uZ3Jvay1mcmVlLmFwcDsgTWF4LUFnZT0zMTUzNjAwMDA7IFNlY3VyZTsgU2FtZVNpdGU9Tm9uZSIsIl9fc2Vzc2lvbj07IFBhdGg9LzsgRXhwaXJlcz1UaHUsIDAxIEphbiAxOTcwIDAwOjAwOjAwIEdNVDsgU2VjdXJlOyBTYW1lU2l0ZT1Ob25lIiwiX19jbGVya19kYl9qd3Q9ZHZiXzNDVTRGTHRzazV2MEV0NGhoeVVDZ1dEdk9UUTsgUGF0aD0vOyBFeHBpcmVzPVNhdCwgMTcgQXByIDIwMjcgMTE6NTE6NDkgR01UOyBTZWN1cmU7IFNhbWVTaXRlPU5vbmUiXX0.Ws6Dn2r7E0UteWS4WTlWjUNZM3uhemYNakfhBz6a8h2CEWciSZWgxjiElelmW9JFPh810xMTi3AR-8FdQQcO9Qh9SH2WCiKgq7SwrG3_g6AQkJ63PicZThMwXGDU67xwTxAMZyqh31lZYhDn6Eh7yF03_QyXYNPedaVmFaYk46e2tGbCMPi6PXDcC7ftx8S7OXuLWWVe66sWvrI5oHJK__r5cl_HmPwYcgKBc_V7Zrok0mdjYE-IdRkfua31VTdMtI1Gc7VBZ6CtW1jgkWqAnc5SKsWoxY1DDStgg_c3Tw24ALj6AR6QlWbS-pZlReOsbHz9LH5QENZJC9S2WV1slA 307 - 836ms - IP: ::1
2026-04-17 16:51:48 [info]: GET / 404 - 6ms - IP: ::1
2026-04-17 16:51:58 [info]: GET /api/health 200 - 3ms - IP: ::1
2026-04-17 16:51:58 [info]: GET /favicon.ico 404 - 3ms - IP: ::1
2026-04-17 16:53:11 [info]: POST /api/webhooks/clerk 500 - 4ms - IP: ::1
2026-04-17 16:53:26 [info]: POST /api/webhooks/clerk 200 - 7ms - IP: ::1
2026-04-17 16:53:30 [info]: GET /api/health 304 - 8ms - IP: ::1
2026-04-17 16:53:30 [info]: GET /api/health 304 - 5ms - IP: ::1
2026-04-17 16:53:48 [info]: POST /api/webhooks/clerk 500 - 2ms - IP: ::1
2026-04-17 16:53:50 [info]: GET /api/health 304 - 2ms - IP: ::1
2026-04-17 16:53:50 [info]: GET /api/health 304 - 1ms - IP: ::1
2026-04-17 16:53:53 [info]: POST /api/webhooks/clerk 500 - 2ms - IP: ::1
2026-04-17 16:54:18 [info]: GET /api/health 304 - 4ms - IP: ::1
2026-04-17 16:54:18 [info]: GET /api/health 304 - 3ms - IP: ::1
2026-04-17 16:55:36 [info]: GET /api/health 304 - 5ms - IP: ::1
2026-04-17 16:55:36 [info]: GET /api/health 304 - 3ms - IP: ::1
2026-04-17 16:56:47 [info]: GET /api/health 304 - 28ms - IP: ::1
2026-04-17 16:56:47 [info]: GET /api/health 304 - 4ms - IP: ::1
2026-04-17 16:56:47 [info]: POST /api/webhooks/clerk 200 - 6ms - IP: ::1
2026-04-17 16:57:06 [info]: POST /api/webhooks/clerk 200 - 9ms - IP: ::1
2026-04-17 16:57:07 [info]: GET /api/health 304 - 4ms - IP: ::1
2026-04-17 16:57:07 [info]: GET /api/health 304 - 3ms - IP: ::1
2026-04-17 20:16:55 [info]: GET /api/health 304 - 1206ms - IP: ::1
2026-04-17 20:16:55 [info]: GET /api/health 304 - 3ms - IP: ::1
2026-04-17 20:17:00 [info]: GET /api/health 304 - 5ms - IP: ::1
2026-04-17 20:17:00 [info]: GET /api/health 304 - 3ms - IP: ::1
2026-04-17 20:17:21 [info]: GET /api/health 304 - 4ms - IP: ::1
2026-04-17 20:17:21 [info]: GET /api/health 304 - 4ms - IP: ::1
2026-04-17 20:18:20 [info]: GET /api/health 304 - 3ms - IP: ::1
2026-04-17 20:18:20 [info]: GET /api/health 304 - 3ms - IP: ::1
2026-04-17 20:19:58 [info]: GET /api/health 304 - 2ms - IP: ::1
2026-04-17 20:19:58 [info]: GET /api/health 304 - 1ms - IP: ::1
2026-04-17 20:20:22 [info]: POST /api/webhooks/clerk 200 - 12ms - IP: ::1
2026-04-17 20:20:22 [info]: GET /api/health 304 - 4ms - IP: ::1
2026-04-17 20:20:22 [info]: GET /api/health 304 - 3ms - IP: ::1
2026-04-17 20:23:23 [info]: POST /api/webhooks/clerk 200 - 2ms - IP: ::1
2026-04-17 20:23:24 [info]: POST /api/webhooks/clerk 500 - 10ms - IP: ::1
2026-04-17 20:24:01 [info]: POST /api/webhooks/clerk 200 - 1ms - IP: ::1
2026-04-17 20:39:17 [info]: POST /api/webhooks/clerk 200 - 8ms - IP: ::1
2026-04-17 20:39:24 [info]: GET /api/health 304 - 531ms - IP: ::1
2026-04-17 20:39:24 [info]: GET /api/health 304 - 2ms - IP: ::1
2026-04-17 20:39:43 [info]: POST /api/webhooks/clerk 200 - 7ms - IP: ::1
2026-04-17 20:39:43 [info]: GET /api/health 304 - 1ms - IP: ::1
2026-04-17 20:39:43 [info]: GET /api/health 304 - 1ms - IP: ::1
2026-04-17 20:40:17 [info]: POST /api/webhooks/clerk 200 - 2ms - IP: ::1
2026-04-17 20:40:28 [info]: POST /api/webhooks/clerk 200 - 2ms - IP: ::1
2026-04-17 20:41:06 [info]: GET /api/health 304 - 4ms - IP: ::1
2026-04-17 20:41:06 [info]: GET /api/health 304 - 3ms - IP: ::1
2026-04-17 20:41:06 [info]: POST /api/webhooks/clerk 200 - 2ms - IP: ::1
2026-04-17 20:48:04 [info]: POST /api/webhooks/clerk 200 - 2ms - IP: ::1
2026-04-17 21:08:02 [info]: POST /api/webhooks/clerk 500 - 13ms - IP: ::1
2026-04-17 21:08:08 [info]: POST /api/webhooks/clerk 500 - 4ms - IP: ::1
2026-04-17 21:12:41 [info]: POST /api/webhooks/clerk 500 - 3ms - IP: ::1
2026-04-18 14:22:18 [info]: GET /api/user/me 404 - 1190ms - IP: ::1
2026-04-18 14:23:42 [info]: GET /api/user/me 500 - 681ms - IP: ::1
2026-04-18 14:26:19 [info]: GET /api/user/me 400 - 638ms - IP: ::1
2026-04-18 14:27:38 [info]: GET /api/user/me 400 - 760ms - IP: ::1
2026-04-18 14:36:48 [info]: GET /api/users/me 401 - 601ms - IP: ::1
2026-04-18 14:36:48 [info]: GET /api/users/me 401 - 2ms - IP: ::1
2026-04-18 14:37:09 [info]: GET /api/users/me 401 - 2ms - IP: ::1
2026-04-18 14:37:09 [info]: GET /api/users/me 401 - 2ms - IP: ::1
2026-04-18 14:37:36 [info]: GET /api/users/me 401 - 248ms - IP: ::1
2026-04-18 14:37:36 [info]: GET /api/users/me 401 - 12ms - IP: ::1
2026-04-18 14:39:01 [info]: GET /api/users/me 404 - 595ms - IP: ::1
2026-04-18 14:39:14 [info]: GET /api/users/me 404 - 8ms - IP: ::1
2026-04-18 14:39:14 [info]: GET /api/users/me 404 - 9ms - IP: ::1
2026-04-18 14:39:27 [info]: OPTIONS /api/users/me 204 - 1ms - IP: ::1
2026-04-18 14:39:27 [info]: GET /api/users/me 404 - 5ms - IP: ::1
2026-04-18 14:40:17 [info]: OPTIONS /api/users/me 204 - 0ms - IP: ::1
2026-04-18 14:40:17 [info]: GET /api/users/me 404 - 7ms - IP: ::1
2026-04-18 14:40:33 [info]: OPTIONS /api/users/me 204 - 2ms - IP: ::1
2026-04-18 14:40:33 [info]: OPTIONS /api/users/me 204 - 1ms - IP: ::1
2026-04-18 14:40:34 [info]: GET /api/users/me 404 - 651ms - IP: ::1
2026-04-18 14:40:34 [info]: GET /api/users/me 404 - 4ms - IP: ::1
2026-04-18 14:42:23 [info]: OPTIONS /api/users/me 204 - 5ms - IP: ::1
2026-04-18 14:42:23 [info]: OPTIONS /api/users/me 204 - 1ms - IP: ::1
2026-04-18 14:42:24 [info]: GET /api/users/me 500 - 1111ms - IP: ::1
2026-04-18 14:42:24 [info]: GET /api/users/me 500 - 322ms - IP: ::1
2026-04-18 14:43:42 [info]: OPTIONS /api/users/me 204 - 10ms - IP: ::1
2026-04-18 14:43:42 [info]: OPTIONS /api/users/me 204 - 0ms - IP: ::1
2026-04-18 14:43:43 [info]: GET /api/users/me 200 - 924ms - IP: ::1
2026-04-18 14:43:43 [info]: GET /api/users/me 304 - 7ms - IP: ::1
2026-04-18 14:53:34 [info]: GET /api/users/me 404 - 680ms - IP: ::1
2026-04-18 14:55:43 [info]: GET /api/users/me 404 - 661ms - IP: ::1
2026-04-18 14:55:43 [info]: GET /api/users/me 404 - 5ms - IP: ::1
2026-04-18 14:57:23 [info]: GET /api/users/me 404 - 8ms - IP: ::1
2026-04-18 14:57:23 [info]: GET /api/users/me 404 - 5ms - IP: ::1
2026-04-18 14:58:40 [info]: GET /api/users/me 404 - 4ms - IP: ::1
2026-04-18 14:58:40 [info]: GET /api/users/me 404 - 5ms - IP: ::1
2026-04-18 15:15:23 [info]: POST /api/webhooks/clerk 400 - 11ms - IP: ::1
2026-04-18 15:15:29 [info]: POST /api/webhooks/clerk 400 - 1ms - IP: ::1
2026-04-18 15:19:28 [info]: POST /api/webhooks/clerk 200 - 8ms - IP: ::1
2026-04-18 15:20:10 [info]: POST /api/webhooks/clerk 200 - 12ms - IP: ::1
2026-04-18 15:20:46 [info]: POST /api/webhooks/clerk 200 - 8ms - IP: ::1
2026-04-18 15:21:04 [info]: POST /api/webhooks/clerk 200 - 7ms - IP: ::1
2026-04-18 15:58:33 [info]: POST /api/webhooks/clerk 500 - 8ms - IP: ::1
2026-04-18 15:58:37 [info]: POST /api/webhooks/clerk 500 - 4ms - IP: ::1
2026-04-18 16:00:34 [info]: POST /api/webhooks/clerk 200 - 2ms - IP: ::1
2026-04-18 16:02:12 [info]: POST /api/webhooks/clerk 200 - 60ms - IP: ::1
2026-04-18 16:03:09 [info]: POST /api/webhooks/clerk 500 - 4ms - IP: ::1
2026-04-18 16:17:53 [info]: POST /api/webhooks/clerk 200 - 10ms - IP: ::1
2026-04-18 16:18:08 [info]: POST /api/webhooks/clerk 200 - 2ms - IP: ::1
2026-04-18 16:18:36 [info]: POST /api/webhooks/clerk 200 - 6ms - IP: ::1
2026-04-18 16:18:59 [info]: POST /api/webhooks/clerk 200 - 6ms - IP: ::1
2026-04-18 16:32:29 [info]: POST /api/webhooks/clerk 500 - 18ms - IP: ::1
2026-04-18 16:41:04 [info]: POST /api/webhooks/clerk 200 - 36ms - IP: ::1
2026-04-18 16:41:43 [info]: POST /api/webhooks/clerk 200 - 6ms - IP: ::1
2026-04-18 16:42:34 [info]: POST /api/webhooks/clerk 200 - 3ms - IP: ::1
2026-04-18 16:42:54 [info]: POST /api/webhooks/clerk 200 - 2ms - IP: ::1
2026-04-18 16:47:03 [info]: POST /api/clerk/webhook 200 - 39ms - IP: ::1
2026-04-18 16:47:36 [info]: POST /api/clerk/webhook 200 - 12ms - IP: ::1
2026-04-18 16:52:14 [info]: POST /api/clerk/webhook 200 - 39ms - IP: ::1
2026-04-18 16:52:29 [info]: POST /api/clerk/webhook 200 - 20ms - IP: ::1
2026-04-18 16:52:50 [info]: POST /api/clerk/webhook 200 - 8ms - IP: ::1
2026-04-18 16:59:49 [info]: POST /api/clerk/webhook 200 - 5ms - IP: ::1
2026-04-18 17:01:03 [info]: POST /api/clerk/webhook 200 - 6ms - IP: ::1
2026-04-18 17:01:34 [info]: POST /api/clerk/webhook 200 - 5ms - IP: ::1
2026-04-18 17:02:10 [info]: POST /api/clerk/webhook 200 - 5ms - IP: ::1
2026-04-18 17:02:14 [info]: POST /api/clerk/webhook 200 - 3ms - IP: ::1
2026-04-18 17:03:16 [info]: POST /api/clerk/webhook 200 - 3ms - IP: ::1
2026-04-18 17:03:39 [info]: POST /api/clerk/webhook 200 - 4ms - IP: ::1
2026-04-18 18:58:53 [info]: GET /api/health 200 - 9ms - IP: ::1
2026-04-18 18:58:53 [info]: GET /api/auth/me 401 - 1ms - IP: ::1
2026-04-18 18:59:13 [info]: GET /api/health 200 - 1ms - IP: ::1
2026-04-18 18:59:13 [info]: GET /api/auth/me 401 - 1ms - IP: ::1
2026-04-18 19:02:01 [info]: GET /api/auth/me 200 - 1315ms - IP: ::1
2026-04-18 19:02:20 [info]: GET /api/auth/me 304 - 9ms - IP: ::1
2026-04-18 19:02:22 [info]: GET /api/auth/me 304 - 11ms - IP: ::1
2026-04-18 19:04:22 [info]: GET /api/auth/me 200 - 681ms - IP: ::1
2026-04-18 19:04:40 [info]: GET /api/auth/me 304 - 5ms - IP: ::1
2026-04-18 19:11:07 [info]: GET /api/auth/me 401 - 780ms - IP: ::1
2026-04-18 19:11:07 [info]: GET /api/auth/me 401 - 2ms - IP: ::1
2026-04-18 19:11:12 [info]: GET /api/auth/me 304 - 24ms - IP: ::1
2026-04-18 19:11:17 [info]: GET /api/auth/me 304 - 7ms - IP: ::1
2026-04-18 19:11:17 [info]: GET /api/auth/me 304 - 8ms - IP: ::1
2026-04-18 19:12:06 [info]: GET /api/auth/me 304 - 7ms - IP: ::1
2026-04-18 19:12:06 [info]: GET /api/auth/me 304 - 7ms - IP: ::1
2026-04-18 19:14:59 [info]: GET /api/auth/me 304 - 7ms - IP: ::1
2026-04-18 19:14:59 [info]: GET /api/auth/me 304 - 7ms - IP: ::1
2026-04-18 19:15:59 [info]: GET /api/auth/me 200 - 623ms - IP: ::1
2026-04-18 19:15:59 [info]: GET /api/auth/me 304 - 4ms - IP: ::1
2026-04-18 19:16:21 [info]: GET /api/auth/me 200 - 12ms - IP: ::1
2026-04-18 19:16:21 [info]: GET /api/auth/me 304 - 9ms - IP: ::1
2026-04-18 19:16:23 [info]: GET /api/auth/me 200 - 11ms - IP: ::1
2026-04-18 19:16:23 [info]: GET /api/auth/me 304 - 7ms - IP: ::1
2026-04-18 19:16:24 [info]: GET /api/auth/me 200 - 8ms - IP: ::1
2026-04-18 19:16:24 [info]: GET /api/auth/me 304 - 7ms - IP: ::1
2026-04-18 19:16:25 [info]: GET /api/auth/me 200 - 10ms - IP: ::1
2026-04-18 19:16:25 [info]: GET /api/auth/me 304 - 8ms - IP: ::1
2026-04-18 19:21:51 [info]: GET /api/auth/me 200 - 681ms - IP: ::1
2026-04-18 19:31:59 [info]: GET /api/auth/me 200 - 529ms - IP: ::1
2026-04-18 19:32:02 [info]: GET /api/auth/me 200 - 5ms - IP: ::1
2026-04-18 19:32:42 [info]: GET /api/auth/me 200 - 3ms - IP: ::1
2026-04-18 19:33:29 [info]: GET /api/auth/me 200 - 7ms - IP: ::1
2026-04-18 19:36:11 [info]: GET /api/auth/me 200 - 3ms - IP: ::1
2026-04-18 19:36:25 [info]: GET /api/auth/me 200 - 5ms - IP: ::1
2026-04-18 19:37:06 [info]: GET /api/auth/me 200 - 615ms - IP: ::1
2026-04-18 19:37:42 [info]: GET /api/auth/me 200 - 6ms - IP: ::1
2026-04-18 19:38:15 [info]: GET /api/auth/me 200 - 6ms - IP: ::1
2026-04-18 19:39:06 [info]: GET /api/auth/me 200 - 4ms - IP: ::1
2026-04-18 20:47:08 [info]: GET /api/auth/me 200 - 1935ms - IP: ::1
2026-04-18 20:47:23 [info]: GET /api/auth/me 200 - 7ms - IP: ::1
2026-04-18 20:58:17 [info]: GET /api/auth/me 200 - 1056ms - IP: ::1
2026-04-18 20:58:57 [info]: GET /api/auth/me 304 - 12ms - IP: ::1
2026-04-18 20:59:56 [info]: OPTIONS /api/auth/me 204 - 1ms - IP: ::1
2026-04-18 20:59:56 [info]: GET /api/auth/me 200 - 11ms - IP: ::1
2026-04-18 21:04:18 [info]: OPTIONS /api/auth/me 204 - 1ms - IP: ::1
2026-04-18 21:04:18 [info]: GET /api/auth/me 200 - 712ms - IP: ::1
2026-04-18 21:08:18 [info]: OPTIONS /api/auth/me 204 - 4ms - IP: ::1
2026-04-18 21:08:21 [info]: GET /api/auth/me 200 - 880ms - IP: ::1
2026-04-18 21:18:59 [info]: OPTIONS /api/auth/me 204 - 4ms - IP: ::1
2026-04-18 21:18:59 [info]: GET /api/auth/me 200 - 30ms - IP: ::1
2026-04-18 21:19:36 [info]: OPTIONS /api/auth/me 204 - 0ms - IP: ::1
2026-04-18 21:19:36 [info]: GET /api/auth/me 304 - 15ms - IP: ::1
2026-04-18 21:20:11 [info]: OPTIONS /api/auth/me 204 - 1ms - IP: ::1
2026-04-18 21:20:11 [info]: GET /api/auth/me 304 - 11ms - IP: ::1
2026-04-18 21:42:26 [info]: OPTIONS /api/auth/me 204 - 12ms - IP: ::1
2026-04-18 21:42:27 [info]: GET /api/auth/me 304 - 71ms - IP: ::1
2026-04-18 21:42:34 [info]: OPTIONS /api/auth/me 204 - 0ms - IP: ::1
2026-04-18 21:42:34 [info]: GET /api/auth/me 304 - 11ms - IP: ::1
2026-04-18 21:49:52 [info]: OPTIONS /api/auth/me 204 - 10ms - IP: ::1
2026-04-18 21:49:52 [info]: GET /api/auth/me 304 - 72ms - IP: ::1
2026-04-18 21:54:53 [info]: OPTIONS /api/auth/me 204 - 4ms - IP: ::ffff:127.0.0.1
2026-04-18 21:54:56 [info]: GET /api/auth/me 200 - 13ms - IP: ::1
2026-04-18 21:55:04 [info]: OPTIONS /api/auth/me 204 - 1ms - IP: ::ffff:127.0.0.1
2026-04-18 21:55:04 [info]: GET /api/auth/me 304 - 18ms - IP: ::1
2026-04-18 21:56:25 [info]: OPTIONS /api/auth/me 204 - 8ms - IP: ::1
2026-04-18 21:56:29 [info]: GET /api/auth/me 304 - 826ms - IP: ::1
2026-04-18 21:57:55 [info]: OPTIONS /api/auth/me 204 - 7ms - IP: ::1
2026-04-18 21:57:56 [info]: GET /api/auth/me 200 - 948ms - IP: ::1
2026-04-18 21:58:40 [info]: OPTIONS /api/auth/me 204 - 7ms - IP: ::1
2026-04-18 21:58:40 [info]: GET /api/auth/me 200 - 180ms - IP: ::1
2026-04-18 21:58:54 [info]: OPTIONS /api/auth/me 204 - 3ms - IP: ::1
2026-04-18 21:58:55 [info]: GET /api/auth/me 200 - 169ms - IP: ::1
2026-04-18 22:00:02 [info]: OPTIONS /api/auth/me 204 - 3ms - IP: ::1
2026-04-18 22:00:02 [info]: GET /api/auth/me 200 - 663ms - IP: ::1
2026-04-18 22:09:19 [info]: OPTIONS /api/auth/me 204 - 7ms - IP: ::1
2026-04-18 22:09:20 [info]: GET /api/auth/me 304 - 739ms - IP: ::1
2026-04-18 22:11:02 [info]: OPTIONS /api/auth/me 204 - 0ms - IP: ::1
2026-04-18 22:11:02 [info]: GET /api/auth/me 200 - 9ms - IP: ::1
2026-04-18 22:11:55 [info]: OPTIONS /api/auth/me 204 - 2ms - IP: ::1
2026-04-18 22:11:55 [info]: GET /api/auth/me 304 - 780ms - IP: ::1
2026-04-18 22:22:29 [info]: OPTIONS /api/auth/me 204 - 1ms - IP: ::1
2026-04-18 22:22:30 [info]: GET /api/auth/me 304 - 779ms - IP: ::1
2026-04-18 22:22:40 [info]: OPTIONS /api/auth/me 204 - 1ms - IP: ::1
2026-04-18 22:22:40 [info]: GET /api/auth/me 304 - 5ms - IP: ::1
2026-04-18 22:22:47 [info]: OPTIONS /api/auth/me 204 - 0ms - IP: ::1
2026-04-18 22:22:47 [info]: GET /api/auth/me 304 - 5ms - IP: ::1
2026-04-18 22:22:49 [info]: GET /api/auth/me 304 - 4ms - IP: ::1
2026-04-18 22:22:50 [info]: GET /api/auth/me 304 - 4ms - IP: ::1
2026-04-18 22:22:51 [info]: GET /api/auth/me 304 - 3ms - IP: ::1
2026-04-18 22:22:52 [info]: GET /api/auth/me 304 - 4ms - IP: ::1
2026-04-18 22:22:53 [info]: OPTIONS /api/auth/me 204 - 0ms - IP: ::1
2026-04-18 22:22:53 [info]: GET /api/auth/me 304 - 3ms - IP: ::1
2026-04-18 22:22:54 [info]: GET /api/auth/me 304 - 3ms - IP: ::1
2026-04-18 22:22:55 [info]: GET /api/auth/me 304 - 3ms - IP: ::1
2026-04-18 22:22:57 [info]: GET /api/auth/me 304 - 2ms - IP: ::1
2026-04-18 22:39:46 [info]: POST /api/clerk/webhook 200 - 31ms - IP: ::1
2026-04-18 22:39:46 [info]: OPTIONS /api/auth/me 204 - 1ms - IP: ::1
2026-04-18 22:39:47 [info]: GET /api/auth/me 200 - 590ms - IP: ::1
2026-04-18 22:40:42 [info]: OPTIONS /api/auth/me 204 - 8ms - IP: ::1
2026-04-18 22:40:42 [info]: GET /api/auth/me 304 - 597ms - IP: ::1
2026-04-18 22:40:45 [info]: OPTIONS /api/auth/me 204 - 1ms - IP: ::1
2026-04-18 22:40:45 [info]: GET /api/auth/me 304 - 8ms - IP: ::1
2026-04-18 23:41:05 [info]: OPTIONS /api/admin/categories 204 - 1ms - IP: ::1
2026-04-18 23:41:05 [info]: OPTIONS /api/admin/categories 204 - 1ms - IP: ::1
2026-04-18 23:41:05 [info]: GET /api/admin/categories 200 - 13ms - IP: ::1
2026-04-18 23:41:05 [info]: GET /api/admin/categories 304 - 12ms - IP: ::1
2026-04-18 23:41:07 [info]: OPTIONS /api/admin/dashboard 204 - 1ms - IP: ::1
2026-04-18 23:41:07 [info]: OPTIONS /api/admin/dashboard 204 - 1ms - IP: ::1
2026-04-18 23:41:07 [info]: GET /api/admin/dashboard 304 - 17ms - IP: ::1
2026-04-18 23:41:07 [info]: GET /api/admin/dashboard 304 - 20ms - IP: ::1
2026-04-18 23:41:08 [info]: OPTIONS /api/admin/products 204 - 0ms - IP: ::1
2026-04-18 23:41:08 [info]: OPTIONS /api/admin/products 204 - 0ms - IP: ::1
2026-04-18 23:41:08 [info]: GET /api/admin/categories 304 - 19ms - IP: ::1
2026-04-18 23:41:08 [info]: GET /api/admin/products 200 - 22ms - IP: ::1
2026-04-18 23:41:08 [info]: GET /api/admin/categories 304 - 23ms - IP: ::1
2026-04-18 23:41:08 [info]: GET /api/admin/products 304 - 15ms - IP: ::1
2026-04-18 23:41:09 [info]: GET /api/admin/dashboard 304 - 16ms - IP: ::1
2026-04-18 23:41:09 [info]: GET /api/admin/dashboard 304 - 18ms - IP: ::1
2026-04-18 23:41:25 [info]: OPTIONS /api/admin/categories 204 - 1ms - IP: ::1
2026-04-18 23:41:25 [info]: OPTIONS /api/admin/categories 204 - 0ms - IP: ::1
2026-04-18 23:41:26 [info]: GET /api/admin/categories 304 - 554ms - IP: ::1
2026-04-18 23:41:26 [info]: GET /api/admin/categories 304 - 9ms - IP: ::1
2026-04-18 23:41:27 [info]: OPTIONS /api/admin/products 204 - 1ms - IP: ::1
2026-04-18 23:41:27 [info]: OPTIONS /api/admin/products 204 - 1ms - IP: ::1
2026-04-18 23:41:27 [info]: GET /api/admin/categories 304 - 12ms - IP: ::1
2026-04-18 23:41:27 [info]: GET /api/admin/categories 304 - 11ms - IP: ::1
2026-04-18 23:41:27 [info]: GET /api/admin/products 304 - 12ms - IP: ::1
2026-04-18 23:41:27 [info]: GET /api/admin/products 304 - 11ms - IP: ::1
2026-04-18 23:41:39 [info]: OPTIONS /api/admin/dashboard 204 - 1ms - IP: ::1
2026-04-18 23:41:39 [info]: OPTIONS /api/admin/dashboard 204 - 0ms - IP: ::1
2026-04-18 23:41:39 [info]: GET /api/admin/dashboard 304 - 11ms - IP: ::1
2026-04-18 23:41:39 [info]: GET /api/admin/dashboard 304 - 9ms - IP: ::1
2026-04-18 23:42:04 [info]: OPTIONS /api/admin/categories 204 - 0ms - IP: ::1
2026-04-18 23:42:04 [info]: OPTIONS /api/admin/categories 204 - 0ms - IP: ::1
2026-04-18 23:42:04 [info]: GET /api/admin/categories 304 - 8ms - IP: ::1
2026-04-18 23:42:04 [info]: GET /api/admin/categories 304 - 7ms - IP: ::1
2026-04-18 23:42:06 [info]: OPTIONS /api/admin/products 204 - 0ms - IP: ::1
2026-04-18 23:42:06 [info]: OPTIONS /api/admin/products 204 - 0ms - IP: ::1
2026-04-18 23:42:06 [info]: GET /api/admin/categories 304 - 9ms - IP: ::1
2026-04-18 23:42:06 [info]: GET /api/admin/categories 304 - 9ms - IP: ::1
2026-04-18 23:42:06 [info]: GET /api/admin/products 304 - 9ms - IP: ::1
2026-04-18 23:42:06 [info]: GET /api/admin/products 304 - 8ms - IP: ::1
2026-04-18 23:42:07 [info]: GET /api/admin/categories 304 - 10ms - IP: ::1
2026-04-18 23:42:07 [info]: GET /api/admin/categories 304 - 8ms - IP: ::1
2026-04-18 23:42:08 [info]: OPTIONS /api/admin/dashboard 204 - 0ms - IP: ::1
2026-04-18 23:42:08 [info]: OPTIONS /api/admin/dashboard 204 - 0ms - IP: ::1
2026-04-18 23:42:08 [info]: GET /api/admin/dashboard 304 - 11ms - IP: ::1
2026-04-18 23:42:08 [info]: GET /api/admin/dashboard 304 - 11ms - IP: ::1
2026-04-18 23:44:27 [info]: OPTIONS /api/admin/categories 204 - 1ms - IP: ::1
2026-04-18 23:44:27 [info]: OPTIONS /api/admin/categories 204 - 0ms - IP: ::1
2026-04-18 23:44:27 [info]: GET /api/admin/categories 304 - 12ms - IP: ::1
2026-04-18 23:44:27 [info]: GET /api/admin/categories 304 - 11ms - IP: ::1
2026-04-18 23:44:28 [info]: OPTIONS /api/admin/products 204 - 1ms - IP: ::1
2026-04-18 23:44:28 [info]: OPTIONS /api/admin/products 204 - 1ms - IP: ::1
2026-04-18 23:44:28 [info]: GET /api/admin/categories 304 - 9ms - IP: ::1
2026-04-18 23:44:28 [info]: GET /api/admin/products 304 - 17ms - IP: ::1
2026-04-18 23:44:28 [info]: GET /api/admin/categories 304 - 16ms - IP: ::1
2026-04-18 23:44:28 [info]: GET /api/admin/products 304 - 11ms - IP: ::1
2026-04-18 23:44:28 [info]: OPTIONS /api/admin/dashboard 204 - 1ms - IP: ::1
2026-04-18 23:44:28 [info]: OPTIONS /api/admin/dashboard 204 - 1ms - IP: ::1
2026-04-18 23:44:28 [info]: GET /api/admin/dashboard 304 - 16ms - IP: ::1
2026-04-18 23:44:28 [info]: GET /api/admin/dashboard 304 - 16ms - IP: ::1
2026-04-18 23:44:32 [info]: GET /api/admin/categories 304 - 9ms - IP: ::1
2026-04-18 23:44:32 [info]: GET /api/admin/categories 304 - 8ms - IP: ::1
2026-04-18 23:44:33 [info]: OPTIONS /api/admin/categories 204 - 1ms - IP: ::1
2026-04-18 23:44:33 [info]: OPTIONS /api/admin/products 204 - 0ms - IP: ::1
2026-04-18 23:44:33 [info]: OPTIONS /api/admin/categories 204 - 0ms - IP: ::1
2026-04-18 23:44:33 [info]: OPTIONS /api/admin/products 204 - 1ms - IP: ::1
2026-04-18 23:44:33 [info]: GET /api/admin/categories 304 - 14ms - IP: ::1
2026-04-18 23:44:33 [info]: GET /api/admin/products 304 - 15ms - IP: ::1
2026-04-18 23:44:33 [info]: GET /api/admin/categories 304 - 12ms - IP: ::1
2026-04-18 23:44:33 [info]: GET /api/admin/products 304 - 13ms - IP: ::1
2026-04-18 23:44:33 [info]: GET /api/admin/categories 304 - 10ms - IP: ::1
2026-04-18 23:44:33 [info]: GET /api/admin/categories 304 - 14ms - IP: ::1
2026-04-18 23:44:34 [info]: OPTIONS /api/admin/dashboard 204 - 1ms - IP: ::1
2026-04-18 23:44:34 [info]: OPTIONS /api/admin/dashboard 204 - 0ms - IP: ::1
2026-04-18 23:44:34 [info]: GET /api/admin/dashboard 304 - 14ms - IP: ::1
2026-04-18 23:44:34 [info]: GET /api/admin/dashboard 304 - 13ms - IP: ::1
2026-04-18 23:44:48 [info]: POST /api/clerk/webhook 500 - 68ms - IP: ::1
2026-04-18 23:45:16 [info]: OPTIONS /api/admin/categories 204 - 1ms - IP: ::1
2026-04-18 23:45:16 [info]: OPTIONS /api/admin/categories 204 - 0ms - IP: ::1
2026-04-18 23:45:16 [info]: GET /api/admin/categories 304 - 10ms - IP: ::1
2026-04-18 23:45:16 [info]: GET /api/admin/categories 304 - 11ms - IP: ::1
2026-04-18 23:45:19 [info]: OPTIONS /api/admin/dashboard 204 - 1ms - IP: ::1
2026-04-18 23:45:19 [info]: OPTIONS /api/admin/dashboard 204 - 1ms - IP: ::1
2026-04-18 23:45:19 [info]: GET /api/admin/dashboard 304 - 13ms - IP: ::1
2026-04-18 23:45:19 [info]: GET /api/admin/dashboard 304 - 11ms - IP: ::1
2026-04-18 23:45:20 [info]: GET /api/admin/categories 304 - 8ms - IP: ::1
2026-04-18 23:45:20 [info]: GET /api/admin/categories 304 - 11ms - IP: ::1
2026-04-18 23:45:21 [info]: OPTIONS /api/admin/products 204 - 0ms - IP: ::1
2026-04-18 23:45:21 [info]: OPTIONS /api/admin/products 204 - 0ms - IP: ::1
2026-04-18 23:45:21 [info]: GET /api/admin/categories 304 - 13ms - IP: ::1
2026-04-18 23:45:21 [info]: GET /api/admin/products 304 - 12ms - IP: ::1
2026-04-18 23:45:21 [info]: GET /api/admin/categories 304 - 10ms - IP: ::1
2026-04-18 23:45:21 [info]: GET /api/admin/products 304 - 8ms - IP: ::1
2026-04-18 23:45:22 [info]: OPTIONS /api/admin/categories 204 - 0ms - IP: ::1
2026-04-18 23:45:22 [info]: OPTIONS /api/admin/categories 204 - 0ms - IP: ::1
2026-04-18 23:45:22 [info]: GET /api/admin/categories 304 - 8ms - IP: ::1
2026-04-18 23:45:22 [info]: GET /api/admin/categories 304 - 8ms - IP: ::1
2026-04-18 23:45:23 [info]: GET /api/admin/dashboard 304 - 13ms - IP: ::1
2026-04-18 23:45:23 [info]: GET /api/admin/dashboard 304 - 15ms - IP: ::1
2026-04-18 23:46:01 [info]: OPTIONS /api/admin/categories 204 - 1ms - IP: ::1
2026-04-18 23:46:01 [info]: OPTIONS /api/admin/categories 204 - 0ms - IP: ::1
2026-04-18 23:46:01 [info]: GET /api/admin/categories 304 - 11ms - IP: ::1
2026-04-18 23:46:01 [info]: GET /api/admin/categories 304 - 10ms - IP: ::1
2026-04-18 23:46:01 [info]: OPTIONS /api/admin/products 204 - 0ms - IP: ::1
2026-04-18 23:46:01 [info]: OPTIONS /api/admin/products 204 - 0ms - IP: ::1
2026-04-18 23:46:01 [info]: GET /api/admin/categories 304 - 11ms - IP: ::1
2026-04-18 23:46:01 [info]: GET /api/admin/categories 304 - 15ms - IP: ::1
2026-04-18 23:46:01 [info]: GET /api/admin/products 304 - 14ms - IP: ::1
2026-04-18 23:46:01 [info]: GET /api/admin/products 304 - 8ms - IP: ::1
2026-04-18 23:46:02 [info]: OPTIONS /api/admin/dashboard 204 - 1ms - IP: ::1
2026-04-18 23:46:02 [info]: OPTIONS /api/admin/dashboard 204 - 0ms - IP: ::1
2026-04-18 23:46:02 [info]: GET /api/admin/dashboard 304 - 17ms - IP: ::1
2026-04-18 23:46:02 [info]: GET /api/admin/dashboard 304 - 15ms - IP: ::1
2026-04-18 23:46:08 [info]: GET /api/categories 304 - 8ms - IP: ::1
2026-04-18 23:46:08 [info]: GET /api/categories 304 - 6ms - IP: ::1
2026-04-18 23:46:09 [info]: OPTIONS /api/auth/me 204 - 0ms - IP: ::1
2026-04-18 23:46:09 [info]: GET /api/auth/me 304 - 6ms - IP: ::1
2026-04-18 23:46:11 [info]: OPTIONS /api/categories 204 - 0ms - IP: ::1
2026-04-18 23:46:11 [info]: OPTIONS /api/categories 204 - 0ms - IP: ::1
2026-04-18 23:46:11 [info]: GET /api/categories 304 - 6ms - IP: ::1
2026-04-18 23:46:11 [info]: GET /api/categories 304 - 8ms - IP: ::1
2026-04-18 23:46:17 [info]: OPTIONS /api/categories 204 - 1ms - IP: ::1
2026-04-18 23:46:17 [info]: OPTIONS /api/categories 204 - 0ms - IP: ::1
2026-04-18 23:46:17 [info]: GET /api/categories 304 - 5ms - IP: ::1
2026-04-18 23:46:17 [info]: GET /api/categories 304 - 5ms - IP: ::1
2026-04-18 23:46:18 [info]: GET /api/categories 304 - 8ms - IP: ::1
2026-04-18 23:46:18 [info]: GET /api/categories 304 - 6ms - IP: ::1
2026-04-18 23:46:19 [info]: GET /api/categories 304 - 6ms - IP: ::1
2026-04-18 23:46:19 [info]: GET /api/categories 304 - 9ms - IP: ::1
2026-04-18 23:46:25 [info]: OPTIONS /api/admin/categories 204 - 0ms - IP: ::1
2026-04-18 23:46:25 [info]: OPTIONS /api/admin/categories 204 - 0ms - IP: ::1
2026-04-18 23:46:25 [info]: GET /api/admin/categories 304 - 11ms - IP: ::1
2026-04-18 23:46:25 [info]: GET /api/admin/categories 304 - 10ms - IP: ::1
2026-04-18 23:47:08 [info]: OPTIONS /api/admin/categories 204 - 0ms - IP: ::1
2026-04-18 23:47:09 [error]: 500 - Must supply api_key
2026-04-18 23:47:09 [info]: POST /api/admin/categories 500 - 753ms - IP: ::1
2026-04-18 23:48:14 [info]: OPTIONS /api/admin/categories 204 - 1ms - IP: ::1
2026-04-18 23:48:14 [error]: 500 - Must supply api_key
2026-04-18 23:48:14 [info]: POST /api/admin/categories 500 - 59ms - IP: ::1
2026-04-18 23:51:47 [info]: OPTIONS /api/admin/categories 204 - 0ms - IP: ::1
2026-04-18 23:51:47 [error]: 500 - Must supply api_key
2026-04-18 23:51:47 [info]: POST /api/admin/categories 500 - 64ms - IP: ::1
2026-04-18T19:13:26.111Z [debug]: CLOUDINARY_API_KEY: 847951875399284
2026-04-18T19:13:46.965Z [debug]: CLOUDINARY_API_KEY: 847951875399284
2026-04-19 00:18:20 [info]: OPTIONS /api/auth/me 204 - 6ms - IP: ::1
2026-04-19 00:18:20 [info]: GET /api/auth/me 304 - 351ms - IP: ::1
2026-04-19 00:18:20 [info]: GET /api/categories 200 - 976ms - IP: ::1
2026-04-19 00:18:20 [info]: GET /api/categories 304 - 8ms - IP: ::1
2026-04-19 00:18:20 [info]: OPTIONS /api/admin/dashboard 204 - 0ms - IP: ::1
2026-04-19 00:18:20 [info]: OPTIONS /api/admin/dashboard 204 - 1ms - IP: ::1
2026-04-19 00:18:20 [info]: GET /api/admin/dashboard 304 - 16ms - IP: ::1
2026-04-19 00:18:20 [info]: GET /api/admin/dashboard 304 - 14ms - IP: ::1
2026-04-19 00:18:43 [info]: OPTIONS /api/admin/categories 204 - 1ms - IP: ::1
2026-04-19 00:18:43 [info]: OPTIONS /api/admin/categories 204 - 1ms - IP: ::1
2026-04-19 00:18:43 [info]: GET /api/admin/categories 304 - 10ms - IP: ::1
2026-04-19 00:18:43 [info]: GET /api/admin/categories 304 - 8ms - IP: ::1
2026-04-19 00:19:01 [info]: OPTIONS /api/admin/categories 204 - 1ms - IP: ::1
2026-04-19 00:19:04 [info]: POST /api/admin/categories 201 - 3415ms - IP: ::1
2026-04-19 00:19:04 [info]: OPTIONS /api/admin/dashboard 204 - 0ms - IP: ::1
2026-04-19 00:19:04 [info]: GET /api/admin/categories 200 - 10ms - IP: ::1
2026-04-19 00:19:04 [info]: GET /api/admin/dashboard 200 - 11ms - IP: ::1
2026-04-19 00:19:15 [info]: GET /api/categories 200 - 10ms - IP: ::1
2026-04-19 00:19:15 [info]: GET /api/categories 304 - 5ms - IP: ::1
2026-04-19 00:19:16 [info]: OPTIONS /api/auth/me 204 - 0ms - IP: ::1
2026-04-19 00:19:21 [info]: OPTIONS /api/categories/shoes/products 204 - 7ms - IP: ::1
2026-04-19 00:19:21 [info]: OPTIONS /api/categories/shoes/products 204 - 1ms - IP: ::1
2026-04-19 00:19:22 [info]: GET /api/categories/shoes/products 200 - 741ms - IP: ::ffff:127.0.0.1
2026-04-19 00:19:22 [info]: GET /api/categories/shoes/products 304 - 6ms - IP: ::1
2026-04-19 00:19:42 [info]: OPTIONS /api/categories 204 - 2ms - IP: ::1
2026-04-19 00:19:42 [info]: OPTIONS /api/categories 204 - 0ms - IP: ::1
2026-04-19 00:19:42 [info]: GET /api/categories 304 - 10ms - IP: ::1
2026-04-19 00:19:42 [info]: GET /api/categories 304 - 8ms - IP: ::1
2026-04-19 00:19:57 [info]: OPTIONS /api/admin/categories 204 - 0ms - IP: ::1
2026-04-19 00:19:57 [info]: OPTIONS /api/admin/products 204 - 1ms - IP: ::1
2026-04-19 00:19:57 [info]: OPTIONS /api/admin/categories 204 - 0ms - IP: ::1
2026-04-19 00:19:57 [info]: OPTIONS /api/admin/products 204 - 0ms - IP: ::1
2026-04-19 00:19:57 [info]: GET /api/admin/categories 304 - 23ms - IP: ::1
2026-04-19 00:19:57 [info]: GET /api/admin/products 304 - 22ms - IP: ::1
2026-04-19 00:19:57 [info]: GET /api/admin/categories 304 - 15ms - IP: ::1
2026-04-19 00:19:57 [info]: GET /api/admin/products 304 - 16ms - IP: ::1
2026-04-19 00:20:35 [info]: OPTIONS /api/admin/products 204 - 1ms - IP: ::1
2026-04-19 00:20:38 [info]: POST /api/admin/products 201 - 3256ms - IP: ::1
2026-04-19 00:20:38 [info]: OPTIONS /api/admin/dashboard 204 - 1ms - IP: ::1
2026-04-19 00:20:38 [info]: GET /api/admin/products 200 - 12ms - IP: ::1
2026-04-19 00:20:38 [info]: GET /api/admin/dashboard 200 - 17ms - IP: ::1
2026-04-19 00:20:46 [info]: OPTIONS /api/categories/shoes/products 204 - 0ms - IP: ::1
2026-04-19 00:20:46 [info]: OPTIONS /api/categories/shoes/products 204 - 0ms - IP: ::1
2026-04-19 00:20:46 [info]: GET /api/categories/shoes/products 200 - 9ms - IP: ::1
2026-04-19 00:20:46 [info]: GET /api/categories/shoes/products 304 - 8ms - IP: ::1
2026-04-19 00:21:18 [info]: OPTIONS /api/admin/dashboard 204 - 0ms - IP: ::1
2026-04-19 00:21:18 [info]: OPTIONS /api/admin/dashboard 204 - 0ms - IP: ::1
2026-04-19 00:21:18 [info]: GET /api/admin/dashboard 304 - 8ms - IP: ::1
2026-04-19 00:21:18 [info]: GET /api/admin/dashboard 304 - 11ms - IP: ::1
2026-04-19 00:30:34 [info]: OPTIONS /api/admin/dashboard 204 - 0ms - IP: ::1
2026-04-19 00:30:34 [info]: OPTIONS /api/admin/dashboard 204 - 1ms - IP: ::1
2026-04-19 00:30:35 [info]: GET /api/admin/dashboard 304 - 627ms - IP: ::1
2026-04-19 00:30:35 [info]: GET /api/admin/dashboard 304 - 4ms - IP: ::1
2026-04-19 00:30:35 [info]: GET /api/admin/dashboard 304 - 10ms - IP: ::1
2026-04-19 00:30:35 [info]: GET /api/admin/dashboard 304 - 9ms - IP: ::1
2026-04-19 00:30:36 [info]: GET /api/admin/dashboard 304 - 10ms - IP: ::1
2026-04-19 00:30:36 [info]: GET /api/admin/dashboard 304 - 11ms - IP: ::1
2026-04-19 00:30:37 [info]: GET /api/admin/dashboard 304 - 10ms - IP: ::1
2026-04-19 00:30:37 [info]: GET /api/admin/dashboard 304 - 9ms - IP: ::1
2026-04-19 00:30:38 [info]: GET /api/admin/dashboard 304 - 8ms - IP: ::1
2026-04-19 00:30:38 [info]: GET /api/admin/dashboard 304 - 8ms - IP: ::1
2026-04-19 00:30:39 [info]: GET /api/admin/dashboard 304 - 9ms - IP: ::1
2026-04-19 00:30:39 [info]: GET /api/admin/dashboard 304 - 11ms - IP: ::1
2026-04-19 00:30:40 [info]: OPTIONS /api/admin/dashboard 204 - 1ms - IP: ::1
2026-04-19 00:30:40 [info]: OPTIONS /api/admin/dashboard 204 - 1ms - IP: ::1
2026-04-19 00:30:40 [info]: GET /api/admin/dashboard 304 - 9ms - IP: ::1
2026-04-19 00:30:40 [info]: GET /api/admin/dashboard 304 - 10ms - IP: ::1
2026-04-19 00:30:41 [info]: OPTIONS /api/admin/categories 204 - 0ms - IP: ::1
2026-04-19 00:30:41 [info]: OPTIONS /api/admin/products 204 - 0ms - IP: ::1
2026-04-19 00:30:41 [info]: OPTIONS /api/admin/categories 204 - 0ms - IP: ::1
2026-04-19 00:30:41 [info]: OPTIONS /api/admin/products 204 - 1ms - IP: ::1
2026-04-19 00:30:41 [info]: GET /api/admin/categories 304 - 5ms - IP: ::1
2026-04-19 00:30:41 [info]: GET /api/admin/products 304 - 10ms - IP: ::1
2026-04-19 00:30:41 [info]: GET /api/admin/categories 304 - 12ms - IP: ::1
2026-04-19 00:30:41 [info]: GET /api/admin/products 304 - 13ms - IP: ::1
2026-04-19 00:30:43 [info]: GET /api/admin/dashboard 304 - 11ms - IP: ::1
2026-04-19 00:30:43 [info]: GET /api/admin/dashboard 304 - 10ms - IP: ::1
2026-04-19 00:33:11 [info]: OPTIONS /api/admin/categories 204 - 3ms - IP: ::1
2026-04-19 00:33:11 [info]: OPTIONS /api/admin/categories 204 - 0ms - IP: ::1
2026-04-19 00:33:12 [info]: GET /api/admin/categories 304 - 777ms - IP: ::1
2026-04-19 00:33:12 [info]: GET /api/admin/categories 304 - 7ms - IP: ::1
2026-04-19 00:33:14 [info]: OPTIONS /api/admin/dashboard 204 - 4ms - IP: ::1
2026-04-19 00:33:14 [info]: OPTIONS /api/admin/dashboard 204 - 0ms - IP: ::1
2026-04-19 00:33:14 [info]: GET /api/admin/dashboard 304 - 178ms - IP: ::1
2026-04-19 00:33:14 [info]: GET /api/admin/dashboard 304 - 9ms - IP: ::1
2026-04-19 00:33:15 [info]: GET /api/admin/categories 304 - 7ms - IP: ::1
2026-04-19 00:33:15 [info]: GET /api/admin/categories 304 - 5ms - IP: ::1
2026-04-19 00:33:16 [info]: OPTIONS /api/admin/categories 204 - 3ms - IP: ::1
2026-04-19 00:33:16 [info]: OPTIONS /api/admin/products 204 - 0ms - IP: ::1
2026-04-19 00:33:16 [info]: OPTIONS /api/admin/categories 204 - 0ms - IP: ::1
2026-04-19 00:33:16 [info]: OPTIONS /api/admin/products 204 - 0ms - IP: ::1
2026-04-19 00:33:16 [info]: GET /api/admin/categories 304 - 190ms - IP: ::1
2026-04-19 00:33:16 [info]: GET /api/admin/products 304 - 195ms - IP: ::1
2026-04-19 00:33:16 [info]: GET /api/admin/categories 304 - 14ms - IP: ::1
2026-04-19 00:33:16 [info]: GET /api/admin/products 304 - 10ms - IP: ::1
2026-04-19 00:33:19 [info]: GET /api/admin/dashboard 304 - 333ms - IP: ::1
2026-04-19 00:33:19 [info]: GET /api/admin/dashboard 304 - 9ms - IP: ::1
2026-04-19 00:33:22 [info]: OPTIONS /api/admin/categories 204 - 4ms - IP: ::1
2026-04-19 00:33:22 [info]: OPTIONS /api/admin/categories 204 - 1ms - IP: ::1
2026-04-19 00:33:23 [info]: GET /api/admin/categories 304 - 160ms - IP: ::1
2026-04-19 00:33:23 [info]: GET /api/admin/categories 304 - 7ms - IP: ::1
2026-04-19 00:33:24 [info]: OPTIONS /api/admin/products 204 - 1ms - IP: ::1
2026-04-19 00:33:24 [info]: OPTIONS /api/admin/products 204 - 1ms - IP: ::1
2026-04-19 00:33:24 [info]: GET /api/admin/categories 304 - 11ms - IP: ::1
2026-04-19 00:33:24 [info]: GET /api/admin/categories 304 - 32ms - IP: ::1
2026-04-19 00:33:24 [info]: GET /api/admin/products 304 - 40ms - IP: ::1
2026-04-19 00:33:24 [info]: GET /api/admin/products 304 - 10ms - IP: ::1
2026-04-19 00:33:24 [info]: GET /api/admin/categories 304 - 11ms - IP: ::1
2026-04-19 00:33:24 [info]: GET /api/admin/products 304 - 13ms - IP: ::1
2026-04-19 00:33:25 [info]: GET /api/admin/categories 304 - 8ms - IP: ::1
2026-04-19 00:33:25 [info]: GET /api/admin/categories 304 - 14ms - IP: ::1
2026-04-19 00:33:25 [info]: OPTIONS /api/admin/dashboard 204 - 1ms - IP: ::1
2026-04-19 00:33:25 [info]: OPTIONS /api/admin/dashboard 204 - 0ms - IP: ::1
2026-04-19 00:33:25 [info]: GET /api/admin/dashboard 304 - 10ms - IP: ::1
2026-04-19 00:33:25 [info]: GET /api/admin/dashboard 304 - 8ms - IP: ::1
2026-04-19 00:33:29 [info]: GET /api/admin/dashboard 304 - 10ms - IP: ::1
2026-04-19 00:33:33 [info]: OPTIONS /api/admin/dashboard 204 - 0ms - IP: ::1
2026-04-19 00:33:33 [info]: GET /api/admin/dashboard 304 - 15ms - IP: ::1
2026-04-19 00:34:33 [info]: OPTIONS /api/admin/users 204 - 0ms - IP: ::1
2026-04-19 00:34:33 [info]: OPTIONS /api/admin/users 204 - 0ms - IP: ::1
2026-04-19 00:34:33 [info]: GET /api/admin/users 200 - 9ms - IP: ::1
2026-04-19 00:34:33 [info]: GET /api/admin/users 304 - 8ms - IP: ::1
2026-04-19 00:34:51 [info]: OPTIONS /api/admin/categories 204 - 1ms - IP: ::1
2026-04-19 00:34:51 [info]: OPTIONS /api/admin/products 204 - 1ms - IP: ::1
2026-04-19 00:34:51 [info]: OPTIONS /api/admin/categories 204 - 1ms - IP: ::1
2026-04-19 00:34:51 [info]: OPTIONS /api/admin/products 204 - 0ms - IP: ::1
2026-04-19 00:34:51 [info]: GET /api/admin/categories 304 - 13ms - IP: ::1
2026-04-19 00:34:51 [info]: GET /api/admin/products 304 - 17ms - IP: ::1
2026-04-19 00:34:51 [info]: GET /api/admin/categories 304 - 14ms - IP: ::1
2026-04-19 00:34:51 [info]: GET /api/admin/products 304 - 13ms - IP: ::1
2026-04-19 00:34:53 [info]: OPTIONS /api/admin/users 204 - 0ms - IP: ::1
2026-04-19 00:34:53 [info]: OPTIONS /api/admin/users 204 - 0ms - IP: ::1
2026-04-19 00:34:53 [info]: GET /api/admin/users 304 - 6ms - IP: ::1
2026-04-19 00:34:53 [info]: GET /api/admin/users 304 - 7ms - IP: ::1
2026-04-19 00:34:57 [info]: OPTIONS /api/admin/categories 204 - 1ms - IP: ::1
2026-04-19 00:34:57 [info]: OPTIONS /api/admin/products 204 - 0ms - IP: ::1
2026-04-19 00:34:57 [info]: OPTIONS /api/admin/categories 204 - 0ms - IP: ::1
2026-04-19 00:34:57 [info]: OPTIONS /api/admin/products 204 - 0ms - IP: ::1
2026-04-19 00:34:57 [info]: GET /api/admin/categories 304 - 11ms - IP: ::1
2026-04-19 00:34:57 [info]: GET /api/admin/products 304 - 17ms - IP: ::1
2026-04-19 00:34:57 [info]: GET /api/admin/categories 304 - 13ms - IP: ::1
2026-04-19 00:34:57 [info]: GET /api/admin/products 304 - 13ms - IP: ::1
2026-04-19 00:34:59 [info]: GET /api/admin/categories 304 - 6ms - IP: ::1
2026-04-19 00:34:59 [info]: GET /api/admin/categories 304 - 8ms - IP: ::1
2026-04-19 00:35:00 [info]: OPTIONS /api/admin/dashboard 204 - 1ms - IP: ::1
2026-04-19 00:35:00 [info]: OPTIONS /api/admin/dashboard 204 - 0ms - IP: ::1
2026-04-19 00:35:00 [info]: GET /api/admin/dashboard 304 - 9ms - IP: ::1
2026-04-19 00:35:00 [info]: GET /api/admin/dashboard 304 - 8ms - IP: ::1
2026-04-19 00:35:02 [info]: GET /api/admin/categories 304 - 9ms - IP: ::1
2026-04-19 00:35:02 [info]: GET /api/admin/categories 304 - 8ms - IP: ::1
2026-04-19 00:35:02 [info]: OPTIONS /api/admin/categories 204 - 0ms - IP: ::1
2026-04-19 00:35:02 [info]: OPTIONS /api/admin/products 204 - 0ms - IP: ::1
2026-04-19 00:35:02 [info]: OPTIONS /api/admin/categories 204 - 1ms - IP: ::1
2026-04-19 00:35:02 [info]: OPTIONS /api/admin/products 204 - 0ms - IP: ::1
2026-04-19 00:35:02 [info]: GET /api/admin/categories 304 - 8ms - IP: ::1
2026-04-19 00:35:02 [info]: GET /api/admin/products 304 - 15ms - IP: ::1
2026-04-19 00:35:02 [info]: GET /api/admin/categories 304 - 13ms - IP: ::1
2026-04-19 00:35:03 [info]: GET /api/admin/products 304 - 13ms - IP: ::1
2026-04-19 00:35:04 [info]: OPTIONS /api/admin/users 204 - 0ms - IP: ::1
2026-04-19 00:35:04 [info]: OPTIONS /api/admin/users 204 - 0ms - IP: ::1
2026-04-19 00:35:04 [info]: GET /api/admin/users 304 - 6ms - IP: ::1
2026-04-19 00:35:04 [info]: GET /api/admin/users 304 - 8ms - IP: ::1
2026-04-19 00:35:04 [info]: GET /api/admin/categories 304 - 9ms - IP: ::1
2026-04-19 00:35:04 [info]: GET /api/admin/products 304 - 12ms - IP: ::1
2026-04-19 00:35:04 [info]: GET /api/admin/categories 304 - 6ms - IP: ::1
2026-04-19 00:35:04 [info]: GET /api/admin/products 304 - 9ms - IP: ::1
2026-04-19 00:35:05 [info]: GET /api/admin/categories 304 - 8ms - IP: ::1
2026-04-19 00:35:05 [info]: GET /api/admin/categories 304 - 8ms - IP: ::1
2026-04-19 00:35:05 [info]: OPTIONS /api/admin/dashboard 204 - 1ms - IP: ::1
2026-04-19 00:35:05 [info]: OPTIONS /api/admin/dashboard 204 - 0ms - IP: ::1
2026-04-19 00:35:06 [info]: GET /api/admin/dashboard 304 - 7ms - IP: ::1
2026-04-19 00:35:06 [info]: GET /api/admin/dashboard 304 - 7ms - IP: ::1
2026-04-19 00:35:25 [info]: OPTIONS /api/admin/users 204 - 0ms - IP: ::1
2026-04-19 00:35:25 [info]: OPTIONS /api/admin/users 204 - 0ms - IP: ::1
2026-04-19 00:35:25 [info]: GET /api/admin/users 304 - 8ms - IP: ::1
2026-04-19 00:35:25 [info]: GET /api/admin/users 304 - 9ms - IP: ::1
2026-04-19 00:35:28 [info]: OPTIONS /api/admin/dashboard 204 - 0ms - IP: ::1
2026-04-19 00:35:28 [info]: OPTIONS /api/admin/dashboard 204 - 0ms - IP: ::1
2026-04-19 00:35:28 [info]: GET /api/admin/dashboard 304 - 4ms - IP: ::1
2026-04-19 00:35:28 [info]: GET /api/admin/dashboard 304 - 7ms - IP: ::1
2026-04-19 00:36:08 [info]: OPTIONS /api/admin/users 204 - 0ms - IP: ::1
2026-04-19 00:36:08 [info]: OPTIONS /api/admin/users 204 - 0ms - IP: ::1
2026-04-19 00:36:08 [info]: GET /api/admin/users 304 - 8ms - IP: ::1
2026-04-19 00:36:08 [info]: GET /api/admin/users 304 - 7ms - IP: ::1
2026-04-19 00:36:24 [info]: OPTIONS /api/admin/users/69e3c1e28b563a395e2601a8 204 - 1ms - IP: ::1
2026-04-19 00:36:24 [info]: DELETE /api/admin/users/69e3c1e28b563a395e2601a8 200 - 13ms - IP: ::1
2026-04-19 00:36:24 [info]: OPTIONS /api/admin/users 204 - 0ms - IP: ::1
2026-04-19 00:36:24 [info]: OPTIONS /api/admin/dashboard 204 - 1ms - IP: ::1
2026-04-19 00:36:24 [info]: GET /api/admin/dashboard 200 - 14ms - IP: ::1
2026-04-19 00:36:24 [info]: GET /api/admin/users 200 - 14ms - IP: ::1
2026-04-19 00:36:27 [info]: OPTIONS /api/auth/me 204 - 1ms - IP: ::1
2026-04-19 00:36:27 [info]: GET /api/auth/me 304 - 5ms - IP: ::1
2026-04-19 00:36:27 [info]: GET /api/admin/users 304 - 8ms - IP: ::1
2026-04-19 00:36:27 [info]: GET /api/admin/users 304 - 7ms - IP: ::1
2026-04-19 00:36:36 [info]: GET /api/categories/shoes/products 304 - 11ms - IP: ::1
2026-04-19 00:36:36 [info]: GET /api/categories/shoes/products 304 - 10ms - IP: ::1
2026-04-19 00:36:36 [info]: OPTIONS /api/auth/me 204 - 0ms - IP: ::1
2026-04-19 00:36:36 [info]: GET /api/auth/me 200 - 5ms - IP: ::1
2026-04-19 00:43:24 [info]: OPTIONS /api/auth/me 204 - 3ms - IP: ::1
2026-04-19 00:43:24 [info]: GET /api/categories/shoes/products 304 - 1157ms - IP: ::1
2026-04-19 00:43:24 [info]: GET /api/categories/shoes/products 304 - 9ms - IP: ::1
2026-04-19 00:43:25 [info]: GET /api/auth/me 304 - 500ms - IP: ::1
2026-04-19 00:43:50 [info]: GET /api/categories 304 - 5ms - IP: ::1
2026-04-19 00:43:50 [info]: GET /api/categories 304 - 5ms - IP: ::1
2026-04-19 00:43:50 [info]: POST /api/clerk/webhook 200 - 8ms - IP: ::1
2026-04-19 00:44:08 [info]: POST /api/clerk/webhook 200 - 6ms - IP: ::1
2026-04-19 00:44:08 [info]: GET /api/categories 304 - 6ms - IP: ::1
2026-04-19 00:44:08 [info]: GET /api/categories 304 - 6ms - IP: ::1
2026-04-19 00:44:08 [info]: OPTIONS /api/auth/me 204 - 0ms - IP: ::1
2026-04-19 00:44:08 [info]: GET /api/auth/me 200 - 8ms - IP: ::1
2026-04-19 00:44:14 [info]: OPTIONS /api/auth/me 204 - 0ms - IP: ::1
2026-04-19 00:44:14 [info]: GET /api/auth/me 304 - 5ms - IP: ::1
2026-04-19 00:44:14 [info]: OPTIONS /api/admin/users 204 - 0ms - IP: ::1
2026-04-19 00:44:14 [info]: OPTIONS /api/admin/users 204 - 0ms - IP: ::1
2026-04-19 00:44:14 [info]: GET /api/admin/users 200 - 13ms - IP: ::1
2026-04-19 00:44:14 [info]: GET /api/admin/users 304 - 10ms - IP: ::1
2026-04-19 00:44:20 [info]: OPTIONS /api/admin/users/69e3df088b563a395e2601aa 204 - 0ms - IP: ::1
2026-04-19 00:44:21 [info]: DELETE /api/admin/users/69e3df088b563a395e2601aa 200 - 592ms - IP: ::1
2026-04-19 00:44:21 [info]: OPTIONS /api/admin/users 204 - 0ms - IP: ::1
2026-04-19 00:44:21 [info]: OPTIONS /api/admin/dashboard 204 - 1ms - IP: ::1
2026-04-19 00:44:21 [info]: GET /api/admin/users 200 - 6ms - IP: ::1
2026-04-19 00:44:21 [info]: GET /api/admin/dashboard 304 - 9ms - IP: ::1
2026-04-19 00:44:21 [info]: POST /api/clerk/webhook 200 - 3ms - IP: ::1
2026-04-19 00:44:23 [info]: OPTIONS /api/auth/me 204 - 0ms - IP: ::1
2026-04-19 00:44:23 [info]: GET /api/auth/me 304 - 6ms - IP: ::1
2026-04-19 00:44:23 [info]: GET /api/admin/users 304 - 9ms - IP: ::1
2026-04-19 00:44:23 [info]: GET /api/admin/users 304 - 8ms - IP: ::1
2026-04-19 00:44:29 [info]: GET /api/categories 304 - 4ms - IP: ::1
2026-04-19 00:44:29 [info]: GET /api/categories 304 - 6ms - IP: ::1
2026-04-19 00:45:21 [info]: OPTIONS /api/admin/categories 204 - 0ms - IP: ::1
2026-04-19 00:45:21 [info]: OPTIONS /api/admin/products 204 - 0ms - IP: ::1
2026-04-19 00:45:21 [info]: OPTIONS /api/admin/categories 204 - 1ms - IP: ::1
2026-04-19 00:45:21 [info]: OPTIONS /api/admin/products 204 - 0ms - IP: ::1
2026-04-19 00:45:21 [info]: GET /api/admin/categories 304 - 11ms - IP: ::1
2026-04-19 00:45:21 [info]: GET /api/admin/products 304 - 30ms - IP: ::1
2026-04-19 00:45:21 [info]: GET /api/admin/categories 304 - 25ms - IP: ::1
2026-04-19 00:45:21 [info]: GET /api/admin/products 304 - 13ms - IP: ::1
2026-04-19 00:45:31 [info]: OPTIONS /api/admin/categories 204 - 1ms - IP: ::1
2026-04-19 00:45:31 [info]: OPTIONS /api/admin/categories 204 - 0ms - IP: ::1
2026-04-19 00:45:31 [info]: GET /api/admin/categories 304 - 9ms - IP: ::1
2026-04-19 00:45:31 [info]: GET /api/admin/categories 304 - 7ms - IP: ::1
2026-04-19 00:45:34 [info]: OPTIONS /api/admin/dashboard 204 - 1ms - IP: ::1
2026-04-19 00:45:34 [info]: OPTIONS /api/admin/dashboard 204 - 1ms - IP: ::1
2026-04-19 00:45:34 [info]: GET /api/admin/dashboard 304 - 10ms - IP: ::1
2026-04-19 00:45:34 [info]: GET /api/admin/dashboard 304 - 9ms - IP: ::1
2026-04-19 00:45:38 [info]: GET /api/admin/dashboard 304 - 10ms - IP: ::1
2026-04-19 00:45:38 [info]: GET /api/admin/dashboard 304 - 11ms - IP: ::1
2026-04-19 00:45:39 [info]: GET /api/admin/dashboard 304 - 12ms - IP: ::1
2026-04-19 00:45:39 [info]: GET /api/admin/dashboard 304 - 12ms - IP: ::1
2026-04-19 00:45:39 [info]: OPTIONS /api/admin/dashboard 204 - 0ms - IP: ::1
2026-04-19 00:45:39 [info]: OPTIONS /api/admin/dashboard 204 - 0ms - IP: ::1
2026-04-19 00:45:39 [info]: GET /api/admin/dashboard 304 - 6ms - IP: ::1
2026-04-19 00:45:39 [info]: GET /api/admin/dashboard 304 - 9ms - IP: ::1
2026-04-19 00:45:40 [info]: GET /api/admin/dashboard 304 - 10ms - IP: ::1
2026-04-19 00:45:40 [info]: GET /api/admin/dashboard 304 - 10ms - IP: ::1
2026-04-19 00:45:40 [info]: GET /api/admin/dashboard 304 - 9ms - IP: ::1
2026-04-19 00:45:40 [info]: GET /api/admin/dashboard 304 - 6ms - IP: ::1
2026-04-19 00:45:40 [info]: GET /api/admin/dashboard 304 - 8ms - IP: ::1
2026-04-19 00:45:40 [info]: GET /api/admin/dashboard 304 - 10ms - IP: ::1
2026-04-19 00:45:41 [info]: GET /api/admin/dashboard 304 - 8ms - IP: ::1
2026-04-19 00:45:41 [info]: GET /api/admin/dashboard 304 - 9ms - IP: ::1
2026-04-19 00:45:41 [info]: GET /api/admin/dashboard 304 - 8ms - IP: ::1
2026-04-19 00:45:41 [info]: GET /api/admin/dashboard 304 - 8ms - IP: ::1
2026-04-19 00:45:41 [info]: GET /api/admin/dashboard 304 - 9ms - IP: ::1
2026-04-19 00:45:41 [info]: GET /api/admin/dashboard 304 - 7ms - IP: ::1
2026-04-19 00:45:41 [info]: GET /api/admin/dashboard 304 - 11ms - IP: ::1
2026-04-19 00:45:41 [info]: GET /api/admin/dashboard 304 - 9ms - IP: ::1
